<?xml version="1.0" encoding="UTF-8"?>
<!-- Generated by org.testng.reporters.JUnitReportReporter -->
<testsuite hostname="DESKTOP-N1NG7JA" failures="0" tests="1" name="com.stringProgms.VowelsAndConsonent" time="0.011" errors="0" timestamp="2024-07-19T15:37:59 IST" skipped="0">
  <testcase classname="com.stringProgms.VowelsAndConsonent" name="anotherApporch" time="0.011"/>
</testsuite> <!-- com.stringProgms.VowelsAndConsonent -->
