<?xml version="1.0" encoding="UTF-8"?>
<!-- Generated by org.testng.reporters.JUnitReportReporter -->
<testsuite hostname="DESKTOP-N1NG7JA" failures="0" tests="1" name="com.stringProgms.RemoveDublicate7" time="0.012" errors="0" timestamp="2024-07-26T13:00:52 IST" skipped="0">
  <testcase classname="com.stringProgms.RemoveDublicate7" name="m2" time="0.012"/>
</testsuite> <!-- com.stringProgms.RemoveDublicate7 -->
