<?xml version="1.0" encoding="UTF-8"?>
<!-- Generated by org.testng.reporters.JUnitReportReporter -->
<testsuite hostname="DESKTOP-N1NG7JA" failures="0" tests="1" name="com.arraysprogs.FindAllElement_2_3" time="0.014" errors="0" timestamp="2024-07-26T17:43:20 IST" skipped="0">
  <testcase classname="com.arraysprogs.FindAllElement_2_3" name="m1" time="0.014"/>
</testsuite> <!-- com.arraysprogs.FindAllElement_2_3 -->
