<?xml version="1.0" encoding="UTF-8"?>
<!-- Generated by org.testng.reporters.JUnitReportReporter -->
<testsuite hostname="DESKTOP-N1NG7JA" failures="0" tests="1" name="com.stringProgms.ReverseProg5" time="0.014" errors="0" timestamp="2024-07-26T11:08:27 IST" skipped="0">
  <testcase classname="com.stringProgms.ReverseProg5" name="m1" time="0.014"/>
</testsuite> <!-- com.stringProgms.ReverseProg5 -->
