<?xml version="1.0" encoding="UTF-8"?>
<!-- Generated by org.testng.reporters.JUnitReportReporter -->
<testsuite hostname="DESKTOP-N1NG7JA" failures="0" tests="1" name="com.arraysprogs.FindAllElement_2" time="0.013" errors="0" timestamp="2024-07-26T17:32:00 IST" skipped="0">
  <testcase classname="com.arraysprogs.FindAllElement_2" name="m1" time="0.013"/>
</testsuite> <!-- com.arraysprogs.FindAllElement_2 -->
