<?xml version="1.0" encoding="UTF-8"?>
<!-- Generated by org.testng.reporters.JUnitReportReporter -->
<testsuite hostname="DESKTOP-N1NG7JA" failures="0" tests="1" name="com.stringProgms.ConvertUpperCase" time="0.016" errors="0" timestamp="2024-07-22T09:55:55 IST" skipped="0">
  <testcase classname="com.stringProgms.ConvertUpperCase" name="upperCase" time="0.016"/>
</testsuite> <!-- com.stringProgms.ConvertUpperCase -->
