<?xml version="1.0" encoding="UTF-8"?>
<!-- Generated by org.testng.reporters.JUnitReportReporter -->
<testsuite hostname="DESKTOP-N1NG7JA" failures="0" tests="1" name="com.arraysprogs.AverageOfElement_4" time="0.016" errors="0" timestamp="2024-07-27T15:19:10 IST" skipped="0">
  <testcase classname="com.arraysprogs.AverageOfElement_4" name="m9" time="0.016"/>
</testsuite> <!-- com.arraysprogs.AverageOfElement_4 -->
