<?xml version="1.0" encoding="UTF-8"?>
<!-- Generated by org.testng.reporters.JUnitReportReporter -->
<testsuite hostname="DESKTOP-N1NG7JA" failures="0" tests="1" name="com.arraysprogs.SizeOfArray_1" time="0.014" errors="0" timestamp="2024-07-26T17:28:38 IST" skipped="0">
  <testcase classname="com.arraysprogs.SizeOfArray_1" name="m1" time="0.014"/>
</testsuite> <!-- com.arraysprogs.SizeOfArray_1 -->
