<?xml version="1.0" encoding="UTF-8"?>
<!-- Generated by org.testng.reporters.JUnitReportReporter -->
<testsuite hostname="DESKTOP-N1NG7JA" failures="0" tests="1" name="com.stringProgms.VowelsAndConsonent2" time="0.013" errors="0" timestamp="2024-07-26T10:25:28 IST" skipped="0">
  <testcase classname="com.stringProgms.VowelsAndConsonent2" name="anotherApporch" time="0.013"/>
</testsuite> <!-- com.stringProgms.VowelsAndConsonent2 -->
