<?xml version="1.0" encoding="UTF-8"?>
<!-- Generated by org.testng.reporters.JUnitReportReporter -->
<testsuite hostname="DESKTOP-N1NG7JA" failures="0" tests="1" name="com.stringProgms.CountVowels" time="0.011" errors="0" timestamp="2024-07-26T14:39:17 IST" skipped="0">
  <testcase classname="com.stringProgms.CountVowels" name="occ3" time="0.011"/>
</testsuite> <!-- com.stringProgms.CountVowels -->
