<?xml version="1.0" encoding="UTF-8"?>
<!-- Generated by org.testng.reporters.JUnitReportReporter -->
<testsuite hostname="DESKTOP-N1NG7JA" failures="0" tests="1" name="com.stringProgms.CheckWordPresentInString" time="0.012" errors="0" timestamp="2024-07-22T16:04:47 IST" skipped="0">
  <testcase classname="com.stringProgms.CheckWordPresentInString" name="m1" time="0.012"/>
</testsuite> <!-- com.stringProgms.CheckWordPresentInString -->
