<?xml version="1.0" encoding="UTF-8"?>
<!-- Generated by org.testng.reporters.JUnitReportReporter -->
<testsuite hostname="DESKTOP-N1NG7JA" failures="0" tests="1" name="com.stringProgms.RemoveDublicate" time="0.014" errors="0" timestamp="2024-07-19T18:05:23 IST" skipped="0">
  <testcase classname="com.stringProgms.RemoveDublicate" name="Dublicate" time="0.014"/>
</testsuite> <!-- com.stringProgms.RemoveDublicate -->
