<?xml version="1.0" encoding="UTF-8"?>
<!-- Generated by org.testng.reporters.JUnitReportReporter -->
<testsuite hostname="DESKTOP-N1NG7JA" failures="0" tests="1" name="com.collectionsprog.UseIterator" time="0.015" errors="0" timestamp="2024-07-23T12:42:09 IST" skipped="0">
  <testcase classname="com.collectionsprog.UseIterator" name="remove_numbers_less_than_10" time="0.015"/>
</testsuite> <!-- com.collectionsprog.UseIterator -->
