<?xml version="1.0" encoding="UTF-8"?>
<!-- Generated by org.testng.reporters.JUnitReportReporter -->
<testsuite hostname="DESKTOP-N1NG7JA" failures="0" tests="1" name="com.stringProgms.SwapFirstLastWord" time="0.014" errors="0" timestamp="2024-07-26T10:00:42 IST" skipped="0">
  <testcase classname="com.stringProgms.SwapFirstLastWord" name="m4" time="0.014"/>
</testsuite> <!-- com.stringProgms.SwapFirstLastWord -->
