<?xml version="1.0" encoding="UTF-8"?>
<!-- Generated by org.testng.reporters.JUnitReportReporter -->
<testsuite hostname="DESKTOP-N1NG7JA" failures="0" tests="1" name="com.stringProgms.ReplaceVowelsWithWhiteSpace" time="0.012" errors="0" timestamp="2024-07-26T10:48:03 IST" skipped="0">
  <testcase classname="com.stringProgms.ReplaceVowelsWithWhiteSpace" name="replaceTest" time="0.012"/>
</testsuite> <!-- com.stringProgms.ReplaceVowelsWithWhiteSpace -->
