<?xml version="1.0" encoding="UTF-8"?>
<!-- Generated by org.testng.reporters.JUnitReportReporter -->
<testsuite hostname="DESKTOP-N1NG7JA" failures="0" tests="1" name="com.stringProgms.ReverseWordWithoutReversingThemSelf" time="0.014" errors="0" timestamp="2024-07-22T12:53:07 IST" skipped="0">
  <testcase classname="com.stringProgms.ReverseWordWithoutReversingThemSelf" name="m1" time="0.014"/>
</testsuite> <!-- com.stringProgms.ReverseWordWithoutReversingThemSelf -->
