<?xml version="1.0" encoding="UTF-8"?>
<!-- Generated by org.testng.reporters.JUnitReportReporter -->
<testsuite hostname="DESKTOP-N1NG7JA" failures="0" tests="1" name="com.stringProgms.LargestWord" time="0.013" errors="0" timestamp="2024-07-22T10:13:59 IST" skipped="0">
  <testcase classname="com.stringProgms.LargestWord" name="main" time="0.013"/>
</testsuite> <!-- com.stringProgms.LargestWord -->
