<?xml version="1.0" encoding="UTF-8"?>
<!-- Generated by org.testng.reporters.JUnitReportReporter -->
<testsuite hostname="DESKTOP-N1NG7JA" failures="0" tests="1" name="com.arraysprogs.ReverseOrderProg_5" time="0.012" errors="0" timestamp="2024-07-27T14:41:14 IST" skipped="0">
  <testcase classname="com.arraysprogs.ReverseOrderProg_5" name="m1" time="0.012"/>
</testsuite> <!-- com.arraysprogs.ReverseOrderProg_5 -->
