<?xml version="1.0" encoding="UTF-8"?>
<!-- Generated by org.testng.reporters.JUnitReportReporter -->
<testsuite hostname="DESKTOP-N1NG7JA" failures="0" tests="1" name="com.stringProgms.FrequencyOfCharactorOrAccourance8" time="0.013" errors="0" timestamp="2024-07-26T13:29:53 IST" skipped="0">
  <testcase classname="com.stringProgms.FrequencyOfCharactorOrAccourance8" name="m3" time="0.013"/>
</testsuite> <!-- com.stringProgms.FrequencyOfCharactorOrAccourance8 -->
