<?xml version="1.0" encoding="UTF-8"?>
<!-- Generated by org.testng.reporters.JUnitReportReporter -->
<testsuite hostname="DESKTOP-N1NG7JA" failures="0" tests="1" name="com.stringProgms.SmallestWord" time="0.011" errors="0" timestamp="2024-07-22T10:33:52 IST" skipped="0">
  <testcase classname="com.stringProgms.SmallestWord" name="smallestW" time="0.011"/>
</testsuite> <!-- com.stringProgms.SmallestWord -->
