<?xml version="1.0" encoding="UTF-8"?>
<!-- Generated by org.testng.reporters.JUnitReportReporter -->
<testsuite hostname="DESKTOP-N1NG7JA" failures="0" tests="1" name="com.stringProgms.ConvertToLowerCase" time="0.015" errors="0" timestamp="2024-07-19T18:47:54 IST" skipped="0">
  <testcase classname="com.stringProgms.ConvertToLowerCase" name="m2" time="0.015"/>
</testsuite> <!-- com.stringProgms.ConvertToLowerCase -->
